2023-03-27 16:29:32.253 ERROR 58428 --- [main] o.s.b.d.LoggingFailureAnalysisReporter   : 

***************************
APPLICATION FAILED TO START
***************************

Description:

Failed to bind properties under 'logging.level' to java.util.Map<java.lang.String, org.springframework.boot.logging.LogLevel>:

    Property: logging.level
    Value: "info"
    Origin: class path resource [application.yml] - 64:10
    Reason: org.springframework.core.convert.ConverterNotFoundException: No converter found capable of converting from type [java.lang.String] to type [java.util.Map<java.lang.String, org.springframework.boot.logging.LogLevel>]

Action:

Update your application's configuration

2023-03-27 16:30:27.502  INFO 85052 --- [main] c.l.s.SoftwareProjectApplication         : Starting SoftwareProjectApplication using Java 1.8.0_231 on SDP-DELL with PID 85052 (D:\My_project\SoftwareProject\target\classes started by DELL in D:\My_project\SoftwareProject)
2023-03-27 16:30:27.510  INFO 85052 --- [main] c.l.s.SoftwareProjectApplication         : The following 1 profile is active: "dev"
2023-03-27 16:30:28.125  WARN 85052 --- [main] o.m.s.m.ClassPathMapperScanner           : Skipping MapperFactoryBean with name 'sysCategoryDao' and 'com.laison.softwareproject.dao.sys.SysCategoryDao' mapperInterface. Bean already defined with the same name!
2023-03-27 16:30:28.125  WARN 85052 --- [main] o.m.s.m.ClassPathMapperScanner           : No MyBatis mapper was found in '[com.laison.softwareproject]' package. Please check your configuration.
2023-03-27 16:30:28.591  INFO 85052 --- [main] o.s.b.w.e.t.TomcatWebServer              : Tomcat initialized with port(s): 1228 (http)
2023-03-27 16:30:28.598  INFO 85052 --- [main] o.a.c.c.StandardService                  : Starting service [Tomcat]
2023-03-27 16:30:28.598  INFO 85052 --- [main] o.a.c.c.StandardEngine                   : Starting Servlet engine: [Apache Tomcat/9.0.73]
2023-03-27 16:30:28.700  INFO 85052 --- [main] o.a.c.c.C.[.[.[/]                        : Initializing Spring embedded WebApplicationContext
2023-03-27 16:30:28.701  INFO 85052 --- [main] w.s.c.ServletWebServerApplicationContext : Root WebApplicationContext: initialization completed in 1148 ms
2023-03-27 16:30:29.199  WARN 85052 --- [main] ion$DefaultTemplateResolverConfiguration : Cannot find template location: classpath:/templates/ (please add some templates, check your Thymeleaf configuration, or set spring.thymeleaf.check-template-location=false)
2023-03-27 16:30:29.214  WARN 85052 --- [main] ConfigServletWebServerApplicationContext : Exception encountered during context initialization - cancelling refresh attempt: org.springframework.beans.factory.BeanCreationException: Error creating bean with name 'com.github.pagehelper.autoconfigure.PageHelperAutoConfiguration': Invocation of init method failed; nested exception is org.springframework.beans.factory.BeanCurrentlyInCreationException: Error creating bean with name 'com.github.pagehelper.autoconfigure.PageHelperAutoConfiguration': Requested bean is currently in creation: Is there an unresolvable circular reference?
2023-03-27 16:30:29.217  INFO 85052 --- [main] o.a.c.c.StandardService                  : Stopping service [Tomcat]
2023-03-27 16:30:29.226  INFO 85052 --- [main] ConditionEvaluationReportLoggingListener : 

Error starting ApplicationContext. To display the conditions report re-run your application with 'debug' enabled.
2023-03-27 16:30:29.239 ERROR 85052 --- [main] o.s.b.d.LoggingFailureAnalysisReporter   : 

***************************
APPLICATION FAILED TO START
***************************

Description:

The dependencies of some of the beans in the application context form a cycle:

┌──->──┐
|  com.github.pagehelper.autoconfigure.PageHelperAutoConfiguration
└──<-──┘


Action:

Relying upon circular references is discouraged and they are prohibited by default. Update your application to remove the dependency cycle between beans. As a last resort, it may be possible to break the cycle automatically by setting spring.main.allow-circular-references to true.

2023-03-27 16:32:09.854  INFO 91808 --- [main] c.l.s.SoftwareProjectApplication         : Starting SoftwareProjectApplication using Java 1.8.0_231 on SDP-DELL with PID 91808 (D:\My_project\SoftwareProject\target\classes started by DELL in D:\My_project\SoftwareProject)
2023-03-27 16:32:09.862  INFO 91808 --- [main] c.l.s.SoftwareProjectApplication         : The following 1 profile is active: "dev"
2023-03-27 16:32:10.386  WARN 91808 --- [main] o.m.s.m.ClassPathMapperScanner           : Skipping MapperFactoryBean with name 'sysCategoryDao' and 'com.laison.softwareproject.dao.sys.SysCategoryDao' mapperInterface. Bean already defined with the same name!
2023-03-27 16:32:10.386  WARN 91808 --- [main] o.m.s.m.ClassPathMapperScanner           : No MyBatis mapper was found in '[com.laison.softwareproject]' package. Please check your configuration.
2023-03-27 16:32:10.828  INFO 91808 --- [main] o.s.b.w.e.t.TomcatWebServer              : Tomcat initialized with port(s): 1228 (http)
2023-03-27 16:32:10.836  INFO 91808 --- [main] o.a.c.c.StandardService                  : Starting service [Tomcat]
2023-03-27 16:32:10.836  INFO 91808 --- [main] o.a.c.c.StandardEngine                   : Starting Servlet engine: [Apache Tomcat/9.0.73]
2023-03-27 16:32:10.942  INFO 91808 --- [main] o.a.c.c.C.[.[.[/]                        : Initializing Spring embedded WebApplicationContext
2023-03-27 16:32:10.942  INFO 91808 --- [main] w.s.c.ServletWebServerApplicationContext : Root WebApplicationContext: initialization completed in 1001 ms
2023-03-27 16:32:11.396  WARN 91808 --- [main] ion$DefaultTemplateResolverConfiguration : Cannot find template location: classpath:/templates/ (please add some templates, check your Thymeleaf configuration, or set spring.thymeleaf.check-template-location=false)
2023-03-27 16:32:11.413  WARN 91808 --- [main] ConfigServletWebServerApplicationContext : Exception encountered during context initialization - cancelling refresh attempt: org.springframework.beans.factory.BeanCreationException: Error creating bean with name 'com.github.pagehelper.autoconfigure.PageHelperAutoConfiguration': Invocation of init method failed; nested exception is org.springframework.beans.factory.BeanCurrentlyInCreationException: Error creating bean with name 'com.github.pagehelper.autoconfigure.PageHelperAutoConfiguration': Requested bean is currently in creation: Is there an unresolvable circular reference?
2023-03-27 16:32:11.416  INFO 91808 --- [main] o.a.c.c.StandardService                  : Stopping service [Tomcat]
2023-03-27 16:32:11.426  INFO 91808 --- [main] ConditionEvaluationReportLoggingListener : 

Error starting ApplicationContext. To display the conditions report re-run your application with 'debug' enabled.
2023-03-27 16:32:11.439 ERROR 91808 --- [main] o.s.b.d.LoggingFailureAnalysisReporter   : 

***************************
APPLICATION FAILED TO START
***************************

Description:

The dependencies of some of the beans in the application context form a cycle:

┌──->──┐
|  com.github.pagehelper.autoconfigure.PageHelperAutoConfiguration
└──<-──┘


Action:

Relying upon circular references is discouraged and they are prohibited by default. Update your application to remove the dependency cycle between beans. As a last resort, it may be possible to break the cycle automatically by setting spring.main.allow-circular-references to true.

